Configuring binary-tagged-0.1.3.1...
Building binary-tagged-0.1.3.1...
Preprocessing library binary-tagged-0.1.3.1...
[1 of 1] Compiling Data.Binary.Tagged ( src/Data/Binary/Tagged.hs, .stack-work/dist/x86_64-linux/Cabal-1.22.7.0/build/Data/Binary/Tagged.o )

src/Data/Binary/Tagged.hs:107:1: Warning:
    The import of ‘Generics.SOP.Constraint’ is redundant
      except perhaps to import instances from ‘Generics.SOP.Constraint’
    To import instances alone, use: import Generics.SOP.Constraint()
In-place registering binary-tagged-0.1.3.1...
Running Haddock for binary-tagged-0.1.3.1...
Running hscolour for binary-tagged-0.1.3.1...
Preprocessing library binary-tagged-0.1.3.1...
Preprocessing library binary-tagged-0.1.3.1...

src/Data/Binary/Tagged.hs:107:1: Warning:
    The import of ‘Generics.SOP.Constraint’ is redundant
      except perhaps to import instances from ‘Generics.SOP.Constraint’
    To import instances alone, use: import Generics.SOP.Constraint()
Haddock coverage:
  56% ( 23 / 41) in 'Data.Binary.Tagged'
  Missing documentation for:
    BinaryTagged' (src/Data/Binary/Tagged.hs:151)
    binaryTag (src/Data/Binary/Tagged.hs:153)
    binaryTag' (src/Data/Binary/Tagged.hs:156)
    binaryUntag (src/Data/Binary/Tagged.hs:159)
    binaryUntag' (src/Data/Binary/Tagged.hs:162)
    SumUpTo (src/Data/Binary/Tagged.hs:364)
    Div2 (src/Data/Binary/Tagged.hs:365)
    ghcStructuralInfo (src/Data/Binary/Tagged.hs:285)
    ghcNominalType (src/Data/Binary/Tagged.hs:298)
    ghcStructuralInfo1 (src/Data/Binary/Tagged.hs:301)
    sopStructuralInfo (src/Data/Binary/Tagged.hs:306)
    sopNominalType (src/Data/Binary/Tagged.hs:335)
    sopStructuralInfo1 (src/Data/Binary/Tagged.hs:341)
    sopStructuralInfoS (src/Data/Binary/Tagged.hs:309)
    sopNominalTypeS (src/Data/Binary/Tagged.hs:338)
    sopStructuralInfo1S (src/Data/Binary/Tagged.hs:344)
    structuralInfoSha1Digest (src/Data/Binary/Tagged.hs:277)
    structuralInfoSha1ByteStringDigest (src/Data/Binary/Tagged.hs:280)
Documentation created:
.stack-work/dist/x86_64-linux/Cabal-1.22.7.0/doc/html/binary-tagged/index.html,
.stack-work/dist/x86_64-linux/Cabal-1.22.7.0/doc/html/binary-tagged/binary-tagged.txt
Installing library in
/home/simon/.stack/snapshots/x86_64-linux/lts-5.3/7.10.3/lib/x86_64-linux-ghc-7.10.3/binary-tagged-0.1.3.1-HMrVFmJQgmz7HNMuAe1BcH
Registering binary-tagged-0.1.3.1...
