Configuring tagged-0.8.3...
Building tagged-0.8.3...
Preprocessing library tagged-0.8.3...
[1 of 2] Compiling Data.Proxy.TH    ( src/Data/Proxy/TH.hs, .stack-work/dist/x86_64-linux/Cabal-1.22.7.0/build/Data/Proxy/TH.o )
[2 of 2] Compiling Data.Tagged      ( src/Data/Tagged.hs, .stack-work/dist/x86_64-linux/Cabal-1.22.7.0/build/Data/Tagged.o )
In-place registering tagged-0.8.3...
Running Haddock for tagged-0.8.3...
Running hscolour for tagged-0.8.3...
Preprocessing library tagged-0.8.3...
Preprocessing library tagged-0.8.3...
Haddock coverage:
  67% (  2 /  3) in 'Data.Proxy.TH'
  Missing documentation for:
    Module header
  93% ( 14 / 15) in 'Data.Tagged'
  Missing documentation for:
    witness (src/Data/Tagged.hs:323)
Documentation created:
.stack-work/dist/x86_64-linux/Cabal-1.22.7.0/doc/html/tagged/index.html,
.stack-work/dist/x86_64-linux/Cabal-1.22.7.0/doc/html/tagged/tagged.txt
Installing library in
/home/simon/.stack/snapshots/x86_64-linux/lts-5.3/7.10.3/lib/x86_64-linux-ghc-7.10.3/tagged-0.8.3-5cptKNCoGdxJM6eqqNERxD
Registering tagged-0.8.3...
